build/app/intermediates/manifest_merge_blame_file/debug/manifest-merger-blame-debug-report.txt
1<?xml version="1.0" encoding="utf-8"?>
2<manifest xmlns:android="http://schemas.android.com/apk/res/android"
3    package="com.hopot.mygreen"
4    android:versionCode="1"
5    android:versionName="1.0.0" >
6
7    <uses-sdk
8        android:minSdkVersion="16"
9        android:targetSdkVersion="33" />
10    <!--
11         The INTERNET permission is required for development. Specifically,
12         the Flutter tool needs it to communicate with the running application
13         to allow setting breakpoints, to provide hot reload, etc.
14    -->
15    <uses-permission android:name="android.permission.INTERNET" />
15-->src\debug\AndroidManifest.xml:7:5-66
15-->src\debug\AndroidManifest.xml:7:22-64
16    <uses-permission android:name="android.permission.CAMERA" />
16-->src\main\AndroidManifest.xml:4:5-64
16-->src\main\AndroidManifest.xml:4:22-62
17    <uses-permission android:name="android.permission.READ_MEDIA_IMAGES" />
17-->src\main\AndroidManifest.xml:5:5-76
17-->src\main\AndroidManifest.xml:5:22-73
18
19    <permission
19-->[androidx.core:core:1.9.0] AndroidManifest.xml:22:5-24:47
20        android:name="com.hopot.mygreen.DYNAMIC_RECEIVER_NOT_EXPORTED_PERMISSION"
20-->[androidx.core:core:1.9.0] AndroidManifest.xml:23:9-81
21        android:protectionLevel="signature" />
21-->[androidx.core:core:1.9.0] AndroidManifest.xml:24:9-44
22
23    <uses-permission android:name="com.hopot.mygreen.DYNAMIC_RECEIVER_NOT_EXPORTED_PERMISSION" />
23-->[androidx.core:core:1.9.0] AndroidManifest.xml:26:5-97
23-->[androidx.core:core:1.9.0] AndroidManifest.xml:26:22-94
24
25    <application
26        android:name="android.app.Application"
27        android:appComponentFactory="androidx.core.app.CoreComponentFactory"
27-->[androidx.core:core:1.9.0] AndroidManifest.xml:28:18-86
28        android:debuggable="true"
29        android:icon="@mipmap/ic_launcher"
30        android:label="mygreen" >
31        <activity
32            android:name="com.hopot.mygreen.MainActivity"
33            android:configChanges="orientation|keyboardHidden|keyboard|screenSize|smallestScreenSize|locale|layoutDirection|fontScale|screenLayout|density|uiMode"
34            android:exported="true"
35            android:hardwareAccelerated="true"
36            android:launchMode="singleTop"
37            android:requestLegacyExternalStorage="true"
38            android:theme="@style/LaunchTheme"
39            android:windowSoftInputMode="adjustResize" >
40
41            <!--
42                 Specifies an Android theme to apply to this Activity as soon as
43                 the Android process has started. This theme is visible to the user
44                 while the Flutter UI initializes. After that, this theme continues
45                 to determine the Window background behind the Flutter UI.
46            -->
47            <meta-data
48                android:name="io.flutter.embedding.android.NormalTheme"
49                android:resource="@style/NormalTheme" />
50
51            <intent-filter>
52                <action android:name="android.intent.action.MAIN" />
53
54                <category android:name="android.intent.category.LAUNCHER" />
55            </intent-filter>
56        </activity>
57        <!--
58             Don't delete the meta-data below.
59             This is used by the Flutter tool to generate GeneratedPluginRegistrant.java
60        -->
61        <meta-data
62            android:name="flutterEmbedding"
63            android:value="2" />
64
65        <provider
65-->[:image_picker_android] AndroidManifest.xml:10:9-18:20
66            android:name="io.flutter.plugins.imagepicker.ImagePickerFileProvider"
66-->[:image_picker_android] AndroidManifest.xml:11:13-82
67            android:authorities="com.hopot.mygreen.flutter.image_provider"
67-->[:image_picker_android] AndroidManifest.xml:12:13-74
68            android:exported="false"
68-->[:image_picker_android] AndroidManifest.xml:13:13-37
69            android:grantUriPermissions="true" >
69-->[:image_picker_android] AndroidManifest.xml:14:13-47
70            <meta-data
70-->[:image_picker_android] AndroidManifest.xml:15:13-17:75
71                android:name="android.support.FILE_PROVIDER_PATHS"
71-->[:image_picker_android] AndroidManifest.xml:16:17-67
72                android:resource="@xml/flutter_image_picker_file_paths" />
72-->[:image_picker_android] AndroidManifest.xml:17:17-72
73        </provider>
74
75        <uses-library
75-->[androidx.window:window:1.0.0-beta04] AndroidManifest.xml:25:9-27:40
76            android:name="androidx.window.extensions"
76-->[androidx.window:window:1.0.0-beta04] AndroidManifest.xml:26:13-54
77            android:required="false" />
77-->[androidx.window:window:1.0.0-beta04] AndroidManifest.xml:27:13-37
78        <uses-library
78-->[androidx.window:window:1.0.0-beta04] AndroidManifest.xml:28:9-30:40
79            android:name="androidx.window.sidecar"
79-->[androidx.window:window:1.0.0-beta04] AndroidManifest.xml:29:13-51
80            android:required="false" />
80-->[androidx.window:window:1.0.0-beta04] AndroidManifest.xml:30:13-37
81    </application>
82
83</manifest>